C:\USERS\GR\DOCUMENTS\PERSONAL\SW\GAMES\OBSERVER\PROJ.WIN32\DEBUG.WIN32\GLES-RENDER.OBJ
C:\USERS\GR\DOCUMENTS\PERSONAL\SW\GAMES\OBSERVER\PROJ.WIN32\DEBUG.WIN32\SNEAKYBUTTON.OBJ
C:\USERS\GR\DOCUMENTS\PERSONAL\SW\GAMES\OBSERVER\PROJ.WIN32\DEBUG.WIN32\SNEAKYBUTTONSKINNEDBASE.OBJ
C:\USERS\GR\DOCUMENTS\PERSONAL\SW\GAMES\OBSERVER\PROJ.WIN32\DEBUG.WIN32\SNEAKYJOYSTICK.OBJ
C:\USERS\GR\DOCUMENTS\PERSONAL\SW\GAMES\OBSERVER\PROJ.WIN32\DEBUG.WIN32\SNEAKYJOYSTICKSKINNEDBASE.OBJ
C:\USERS\GR\DOCUMENTS\PERSONAL\SW\GAMES\OBSERVER\PROJ.WIN32\DEBUG.WIN32\POTION.OBJ
C:\USERS\GR\DOCUMENTS\PERSONAL\SW\GAMES\OBSERVER\PROJ.WIN32\DEBUG.WIN32\PLAYER.OBJ
C:\USERS\GR\DOCUMENTS\PERSONAL\SW\GAMES\OBSERVER\PROJ.WIN32\DEBUG.WIN32\ENEMY.OBJ
C:\USERS\GR\DOCUMENTS\PERSONAL\SW\GAMES\OBSERVER\PROJ.WIN32\DEBUG.WIN32\B2SPRITEFACTORY.OBJ
C:\USERS\GR\DOCUMENTS\PERSONAL\SW\GAMES\OBSERVER\PROJ.WIN32\DEBUG.WIN32\CONTROLGAMELAYER.OBJ
C:\USERS\GR\DOCUMENTS\PERSONAL\SW\GAMES\OBSERVER\PROJ.WIN32\DEBUG.WIN32\GB2SHAPECACHE-X.OBJ
C:\USERS\GR\DOCUMENTS\PERSONAL\SW\GAMES\OBSERVER\PROJ.WIN32\DEBUG.WIN32\GAMECONTACTLISTENER.OBJ
C:\USERS\GR\DOCUMENTS\PERSONAL\SW\GAMES\OBSERVER\PROJ.WIN32\DEBUG.WIN32\MAIN.OBJ
C:\USERS\GR\DOCUMENTS\PERSONAL\SW\GAMES\OBSERVER\PROJ.WIN32\DEBUG.WIN32\APPDELEGATE.OBJ
C:\USERS\GR\DOCUMENTS\PERSONAL\SW\GAMES\OBSERVER\PROJ.WIN32\DEBUG.WIN32\B2SPRITE.OBJ
C:\USERS\GR\DOCUMENTS\PERSONAL\SW\GAMES\OBSERVER\PROJ.WIN32\DEBUG.WIN32\GAMESCENE.OBJ
C:\USERS\GR\DOCUMENTS\PERSONAL\SW\GAMES\OBSERVER\PROJ.WIN32\DEBUG.WIN32\VC110.PDB
C:\USERS\GR\DOCUMENTS\PERSONAL\SW\GAMES\OBSERVER\PROJ.WIN32\DEBUG.WIN32\OBSERVER.ILK
C:\USERS\GR\DOCUMENTS\PERSONAL\SW\GAMES\OBSERVER\PROJ.WIN32\DEBUG.WIN32\OBSERVER.EXE
C:\USERS\GR\DOCUMENTS\PERSONAL\SW\GAMES\OBSERVER\PROJ.WIN32\DEBUG.WIN32\OBSERVER.PDB
C:\USERS\GR\DOCUMENTS\PERSONAL\SW\GAMES\OBSERVER\PROJ.WIN32\DEBUG.WIN32\GAME.RES
C:\Users\gr\Documents\personal\sw\games\Observer\proj.win32\Debug.win32\Observer.vcxprojResolveAssemblyReference.cache
C:\Users\gr\Documents\personal\sw\games\Observer\proj.win32\Debug.win32\AppDelegate.obj
C:\Users\gr\Documents\personal\sw\games\Observer\proj.win32\Debug.win32\b2Sprite.obj
C:\Users\gr\Documents\personal\sw\games\Observer\proj.win32\Debug.win32\b2SpriteFactory.obj
C:\Users\gr\Documents\personal\sw\games\Observer\proj.win32\Debug.win32\ControlGameLayer.obj
C:\Users\gr\Documents\personal\sw\games\Observer\proj.win32\Debug.win32\Enemy.obj
C:\Users\gr\Documents\personal\sw\games\Observer\proj.win32\Debug.win32\GameContactListener.obj
C:\Users\gr\Documents\personal\sw\games\Observer\proj.win32\Debug.win32\GameScene.obj
C:\Users\gr\Documents\personal\sw\games\Observer\proj.win32\Debug.win32\GB2ShapeCache-x.obj
C:\Users\gr\Documents\personal\sw\games\Observer\proj.win32\Debug.win32\GLES-Render.obj
C:\Users\gr\Documents\personal\sw\games\Observer\proj.win32\Debug.win32\main.obj
C:\Users\gr\Documents\personal\sw\games\Observer\proj.win32\Debug.win32\Player.obj
C:\Users\gr\Documents\personal\sw\games\Observer\proj.win32\Debug.win32\Potion.obj
C:\Users\gr\Documents\personal\sw\games\Observer\proj.win32\Debug.win32\SneakyButton.obj
C:\Users\gr\Documents\personal\sw\games\Observer\proj.win32\Debug.win32\SneakyButtonSkinnedBase.obj
C:\Users\gr\Documents\personal\sw\games\Observer\proj.win32\Debug.win32\SneakyJoystick.obj
C:\Users\gr\Documents\personal\sw\games\Observer\proj.win32\Debug.win32\SneakyJoystickSkinnedBase.obj
C:\Users\gr\Documents\personal\sw\games\Observer\proj.win32\Debug.win32\Observer.ilk
C:\Users\gr\Documents\personal\sw\games\Observer\proj.win32\Debug.win32\CL.2264.read.1.tlog
C:\Users\gr\Documents\personal\sw\games\Observer\proj.win32\Debug.win32\CL.2264.write.1.tlog
C:\Users\gr\Documents\personal\sw\games\Observer\proj.win32\Debug.win32\CL.3212.read.1.tlog
C:\Users\gr\Documents\personal\sw\games\Observer\proj.win32\Debug.win32\CL.3212.write.1.tlog
C:\Users\gr\Documents\personal\sw\games\Observer\proj.win32\Debug.win32\CL.3800.read.1.tlog
C:\Users\gr\Documents\personal\sw\games\Observer\proj.win32\Debug.win32\CL.3800.write.1.tlog
C:\Users\gr\Documents\personal\sw\games\Observer\proj.win32\Debug.win32\CL.4344.read.1.tlog
C:\Users\gr\Documents\personal\sw\games\Observer\proj.win32\Debug.win32\CL.4344.write.1.tlog
C:\Users\gr\Documents\personal\sw\games\Observer\proj.win32\Debug.win32\CL.4588.read.1.tlog
C:\Users\gr\Documents\personal\sw\games\Observer\proj.win32\Debug.win32\CL.4588.write.1.tlog
C:\Users\gr\Documents\personal\sw\games\Observer\proj.win32\Debug.win32\CL.4720.read.1.tlog
C:\Users\gr\Documents\personal\sw\games\Observer\proj.win32\Debug.win32\CL.4720.write.1.tlog
C:\Users\gr\Documents\personal\sw\games\Observer\proj.win32\Debug.win32\CL.4748.read.1.tlog
C:\Users\gr\Documents\personal\sw\games\Observer\proj.win32\Debug.win32\CL.4748.write.1.tlog
C:\Users\gr\Documents\personal\sw\games\Observer\proj.win32\Debug.win32\CL.4996.read.1.tlog
C:\Users\gr\Documents\personal\sw\games\Observer\proj.win32\Debug.win32\CL.4996.write.1.tlog
C:\Users\gr\Documents\personal\sw\games\Observer\proj.win32\Debug.win32\CL.5080.read.1.tlog
C:\Users\gr\Documents\personal\sw\games\Observer\proj.win32\Debug.win32\CL.5080.write.1.tlog
C:\Users\gr\Documents\personal\sw\games\Observer\proj.win32\Debug.win32\CL.5504.read.1.tlog
C:\Users\gr\Documents\personal\sw\games\Observer\proj.win32\Debug.win32\CL.5504.write.1.tlog
C:\Users\gr\Documents\personal\sw\games\Observer\proj.win32\Debug.win32\CL.5552.read.1.tlog
C:\Users\gr\Documents\personal\sw\games\Observer\proj.win32\Debug.win32\CL.5552.write.1.tlog
C:\Users\gr\Documents\personal\sw\games\Observer\proj.win32\Debug.win32\CL.5596.read.1.tlog
C:\Users\gr\Documents\personal\sw\games\Observer\proj.win32\Debug.win32\CL.5596.write.1.tlog
C:\Users\gr\Documents\personal\sw\games\Observer\proj.win32\Debug.win32\CL.5940.read.1.tlog
C:\Users\gr\Documents\personal\sw\games\Observer\proj.win32\Debug.win32\CL.5940.write.1.tlog
C:\Users\gr\Documents\personal\sw\games\Observer\proj.win32\Debug.win32\CL.6148.read.1.tlog
C:\Users\gr\Documents\personal\sw\games\Observer\proj.win32\Debug.win32\CL.6148.write.1.tlog
C:\Users\gr\Documents\personal\sw\games\Observer\proj.win32\Debug.win32\CL.6216.read.1.tlog
C:\Users\gr\Documents\personal\sw\games\Observer\proj.win32\Debug.win32\CL.6216.write.1.tlog
C:\Users\gr\Documents\personal\sw\games\Observer\proj.win32\Debug.win32\CL.6220.read.1.tlog
C:\Users\gr\Documents\personal\sw\games\Observer\proj.win32\Debug.win32\CL.6220.write.1.tlog
C:\Users\gr\Documents\personal\sw\games\Observer\proj.win32\Debug.win32\CL.6392.read.1.tlog
C:\Users\gr\Documents\personal\sw\games\Observer\proj.win32\Debug.win32\CL.6392.write.1.tlog
C:\Users\gr\Documents\personal\sw\games\Observer\proj.win32\Debug.win32\CL.6516.read.1.tlog
C:\Users\gr\Documents\personal\sw\games\Observer\proj.win32\Debug.win32\CL.6516.write.1.tlog
C:\Users\gr\Documents\personal\sw\games\Observer\proj.win32\Debug.win32\CL.6684.read.1.tlog
C:\Users\gr\Documents\personal\sw\games\Observer\proj.win32\Debug.win32\CL.6684.write.1.tlog
C:\Users\gr\Documents\personal\sw\games\Observer\proj.win32\Debug.win32\CL.6688.read.1.tlog
C:\Users\gr\Documents\personal\sw\games\Observer\proj.win32\Debug.win32\CL.6688.write.1.tlog
C:\Users\gr\Documents\personal\sw\games\Observer\proj.win32\Debug.win32\CL.6820.read.1.tlog
C:\Users\gr\Documents\personal\sw\games\Observer\proj.win32\Debug.win32\CL.6820.write.1.tlog
C:\Users\gr\Documents\personal\sw\games\Observer\proj.win32\Debug.win32\CL.7020.read.1.tlog
C:\Users\gr\Documents\personal\sw\games\Observer\proj.win32\Debug.win32\CL.7020.write.1.tlog
C:\Users\gr\Documents\personal\sw\games\Observer\proj.win32\Debug.win32\CL.7064.read.1.tlog
C:\Users\gr\Documents\personal\sw\games\Observer\proj.win32\Debug.win32\CL.7064.write.1.tlog
C:\Users\gr\Documents\personal\sw\games\Observer\proj.win32\Debug.win32\CL.7196.read.1.tlog
C:\Users\gr\Documents\personal\sw\games\Observer\proj.win32\Debug.win32\CL.7196.write.1.tlog
C:\Users\gr\Documents\personal\sw\games\Observer\proj.win32\Debug.win32\CL.7320.read.1.tlog
C:\Users\gr\Documents\personal\sw\games\Observer\proj.win32\Debug.win32\CL.7320.write.1.tlog
C:\Users\gr\Documents\personal\sw\games\Observer\proj.win32\Debug.win32\CL.7464.read.1.tlog
C:\Users\gr\Documents\personal\sw\games\Observer\proj.win32\Debug.win32\CL.7464.write.1.tlog
C:\Users\gr\Documents\personal\sw\games\Observer\proj.win32\Debug.win32\CL.7576.read.1.tlog
C:\Users\gr\Documents\personal\sw\games\Observer\proj.win32\Debug.win32\CL.7576.write.1.tlog
C:\Users\gr\Documents\personal\sw\games\Observer\proj.win32\Debug.win32\CL.7672.read.1.tlog
C:\Users\gr\Documents\personal\sw\games\Observer\proj.win32\Debug.win32\CL.7672.write.1.tlog
C:\Users\gr\Documents\personal\sw\games\Observer\proj.win32\Debug.win32\CL.7696.read.1.tlog
C:\Users\gr\Documents\personal\sw\games\Observer\proj.win32\Debug.win32\CL.7696.write.1.tlog
C:\Users\gr\Documents\personal\sw\games\Observer\proj.win32\Debug.win32\CL.7764.read.1.tlog
C:\Users\gr\Documents\personal\sw\games\Observer\proj.win32\Debug.win32\CL.7764.write.1.tlog
C:\Users\gr\Documents\personal\sw\games\Observer\proj.win32\Debug.win32\CL.7772.read.1.tlog
C:\Users\gr\Documents\personal\sw\games\Observer\proj.win32\Debug.win32\CL.7772.write.1.tlog
C:\Users\gr\Documents\personal\sw\games\Observer\proj.win32\Debug.win32\CL.7824.read.1.tlog
C:\Users\gr\Documents\personal\sw\games\Observer\proj.win32\Debug.win32\CL.7824.write.1.tlog
C:\Users\gr\Documents\personal\sw\games\Observer\proj.win32\Debug.win32\CL.7880.read.1.tlog
C:\Users\gr\Documents\personal\sw\games\Observer\proj.win32\Debug.win32\CL.7880.write.1.tlog
C:\Users\gr\Documents\personal\sw\games\Observer\proj.win32\Debug.win32\CL.7888.read.1.tlog
C:\Users\gr\Documents\personal\sw\games\Observer\proj.win32\Debug.win32\CL.7888.write.1.tlog
C:\Users\gr\Documents\personal\sw\games\Observer\proj.win32\Debug.win32\CL.8204.read.1.tlog
C:\Users\gr\Documents\personal\sw\games\Observer\proj.win32\Debug.win32\CL.8204.write.1.tlog
C:\Users\gr\Documents\personal\sw\games\Observer\proj.win32\Debug.win32\CL.8232.read.1.tlog
C:\Users\gr\Documents\personal\sw\games\Observer\proj.win32\Debug.win32\CL.8232.write.1.tlog
C:\Users\gr\Documents\personal\sw\games\Observer\proj.win32\Debug.win32\CL.8252.read.1.tlog
C:\Users\gr\Documents\personal\sw\games\Observer\proj.win32\Debug.win32\CL.8252.write.1.tlog
C:\Users\gr\Documents\personal\sw\games\Observer\proj.win32\Debug.win32\CL.8376.read.1.tlog
C:\Users\gr\Documents\personal\sw\games\Observer\proj.win32\Debug.win32\CL.8376.write.1.tlog
C:\Users\gr\Documents\personal\sw\games\Observer\proj.win32\Debug.win32\CL.8656.read.1.tlog
C:\Users\gr\Documents\personal\sw\games\Observer\proj.win32\Debug.win32\CL.8656.write.1.tlog
C:\Users\gr\Documents\personal\sw\games\Observer\proj.win32\Debug.win32\CL.8724.read.1.tlog
C:\Users\gr\Documents\personal\sw\games\Observer\proj.win32\Debug.win32\CL.8724.write.1.tlog
C:\Users\gr\Documents\personal\sw\games\Observer\proj.win32\Debug.win32\CL.8848.read.1.tlog
C:\Users\gr\Documents\personal\sw\games\Observer\proj.win32\Debug.win32\CL.8848.write.1.tlog
C:\Users\gr\Documents\personal\sw\games\Observer\proj.win32\Debug.win32\CL.8896.read.1.tlog
C:\Users\gr\Documents\personal\sw\games\Observer\proj.win32\Debug.win32\CL.8896.write.1.tlog
C:\Users\gr\Documents\personal\sw\games\Observer\proj.win32\Debug.win32\CL.9044.read.1.tlog
C:\Users\gr\Documents\personal\sw\games\Observer\proj.win32\Debug.win32\CL.9044.write.1.tlog
C:\Users\gr\Documents\personal\sw\games\Observer\proj.win32\Debug.win32\CL.9180.read.1.tlog
C:\Users\gr\Documents\personal\sw\games\Observer\proj.win32\Debug.win32\CL.9180.write.1.tlog
C:\Users\gr\Documents\personal\sw\games\Observer\proj.win32\Debug.win32\cl.command.1.tlog
C:\Users\gr\Documents\personal\sw\games\Observer\proj.win32\Debug.win32\CL.read.1.tlog
C:\Users\gr\Documents\personal\sw\games\Observer\proj.win32\Debug.win32\cl.write.1.tlog
C:\Users\gr\Documents\personal\sw\games\Observer\proj.win32\Debug.win32\link-cvtres.read.1.tlog
C:\Users\gr\Documents\personal\sw\games\Observer\proj.win32\Debug.win32\link-cvtres.write.1.tlog
C:\Users\gr\Documents\personal\sw\games\Observer\proj.win32\Debug.win32\link-rc.read.1.tlog
C:\Users\gr\Documents\personal\sw\games\Observer\proj.win32\Debug.win32\link-rc.write.1.tlog
C:\Users\gr\Documents\personal\sw\games\Observer\proj.win32\Debug.win32\link.1692-cvtres.read.1.tlog
C:\Users\gr\Documents\personal\sw\games\Observer\proj.win32\Debug.win32\link.1692-cvtres.write.1.tlog
C:\Users\gr\Documents\personal\sw\games\Observer\proj.win32\Debug.win32\link.1692-rc.read.1.tlog
C:\Users\gr\Documents\personal\sw\games\Observer\proj.win32\Debug.win32\link.1692-rc.write.1.tlog
C:\Users\gr\Documents\personal\sw\games\Observer\proj.win32\Debug.win32\link.1692.read.1.tlog
C:\Users\gr\Documents\personal\sw\games\Observer\proj.win32\Debug.win32\link.1692.write.1.tlog
C:\Users\gr\Documents\personal\sw\games\Observer\proj.win32\Debug.win32\link.2104-cvtres.read.1.tlog
C:\Users\gr\Documents\personal\sw\games\Observer\proj.win32\Debug.win32\link.2104-cvtres.write.1.tlog
C:\Users\gr\Documents\personal\sw\games\Observer\proj.win32\Debug.win32\link.2104-rc.read.1.tlog
C:\Users\gr\Documents\personal\sw\games\Observer\proj.win32\Debug.win32\link.2104-rc.write.1.tlog
C:\Users\gr\Documents\personal\sw\games\Observer\proj.win32\Debug.win32\link.2104.read.1.tlog
C:\Users\gr\Documents\personal\sw\games\Observer\proj.win32\Debug.win32\link.2104.write.1.tlog
C:\Users\gr\Documents\personal\sw\games\Observer\proj.win32\Debug.win32\link.9052-cvtres.read.1.tlog
C:\Users\gr\Documents\personal\sw\games\Observer\proj.win32\Debug.win32\link.9052-cvtres.write.1.tlog
C:\Users\gr\Documents\personal\sw\games\Observer\proj.win32\Debug.win32\link.9052-rc.read.1.tlog
C:\Users\gr\Documents\personal\sw\games\Observer\proj.win32\Debug.win32\link.9052-rc.write.1.tlog
C:\Users\gr\Documents\personal\sw\games\Observer\proj.win32\Debug.win32\link.9052.read.1.tlog
C:\Users\gr\Documents\personal\sw\games\Observer\proj.win32\Debug.win32\link.9052.write.1.tlog
C:\Users\gr\Documents\personal\sw\games\Observer\proj.win32\Debug.win32\link.command.1.tlog
C:\Users\gr\Documents\personal\sw\games\Observer\proj.win32\Debug.win32\link.read.1.tlog
C:\Users\gr\Documents\personal\sw\games\Observer\proj.win32\Debug.win32\link.write.1.tlog
C:\Users\gr\Documents\personal\sw\games\Observer\proj.win32\Debug.win32\rc.command.1.tlog
C:\Users\gr\Documents\personal\sw\games\Observer\proj.win32\Debug.win32\rc.read.1.tlog
C:\Users\gr\Documents\personal\sw\games\Observer\proj.win32\Debug.win32\rc.write.1.tlog
C:\Users\gr\Documents\personal\sw\games\Observer\proj.win32\Debug.win32\game.res
C:\Users\gr\Documents\personal\sw\games\Observer\proj.win32\Debug.win32\vc110.idb
C:\Users\gr\Documents\personal\sw\games\Observer\proj.win32\Debug.win32\Observer.pdb
C:\Users\gr\Documents\personal\sw\games\Observer\proj.win32\Debug.win32\vc110.pdb
C:\Users\gr\Documents\personal\sw\games\Observer\proj.win32\Debug.win32\Observer.exe
