C:\USERS\GR\DOCUMENTS\PERSONAL\SW\GAMES\OBSERVER\PROJ.WIN32\DEBUG.WIN32\LIBCOCOS2D.LIB
C:\Users\gr\Documents\personal\sw\games\Observer\cocos2d\cocos\2d\Debug.win32\aabb.obj
C:\Users\gr\Documents\personal\sw\games\Observer\cocos2d\cocos\2d\Debug.win32\atitc.obj
C:\Users\gr\Documents\personal\sw\games\Observer\cocos2d\cocos\2d\Debug.win32\base64.obj
C:\Users\gr\Documents\personal\sw\games\Observer\cocos2d\cocos\2d\Debug.win32\CCAction.obj
C:\Users\gr\Documents\personal\sw\games\Observer\cocos2d\cocos\2d\Debug.win32\CCActionCamera.obj
C:\Users\gr\Documents\personal\sw\games\Observer\cocos2d\cocos\2d\Debug.win32\CCActionCatmullRom.obj
C:\Users\gr\Documents\personal\sw\games\Observer\cocos2d\cocos\2d\Debug.win32\CCActionEase.obj
C:\Users\gr\Documents\personal\sw\games\Observer\cocos2d\cocos\2d\Debug.win32\CCActionGrid.obj
C:\Users\gr\Documents\personal\sw\games\Observer\cocos2d\cocos\2d\Debug.win32\CCActionGrid3D.obj
C:\Users\gr\Documents\personal\sw\games\Observer\cocos2d\cocos\2d\Debug.win32\CCActionInstant.obj
C:\Users\gr\Documents\personal\sw\games\Observer\cocos2d\cocos\2d\Debug.win32\CCActionInterval.obj
C:\Users\gr\Documents\personal\sw\games\Observer\cocos2d\cocos\2d\Debug.win32\CCActionManager.obj
C:\Users\gr\Documents\personal\sw\games\Observer\cocos2d\cocos\2d\Debug.win32\CCActionPageTurn3D.obj
C:\Users\gr\Documents\personal\sw\games\Observer\cocos2d\cocos\2d\Debug.win32\CCActionProgressTimer.obj
C:\Users\gr\Documents\personal\sw\games\Observer\cocos2d\cocos\2d\Debug.win32\CCActionTiledGrid.obj
C:\Users\gr\Documents\personal\sw\games\Observer\cocos2d\cocos\2d\Debug.win32\CCActionTween.obj
C:\Users\gr\Documents\personal\sw\games\Observer\cocos2d\cocos\2d\Debug.win32\CCAffineTransform.obj
C:\Users\gr\Documents\personal\sw\games\Observer\cocos2d\cocos\2d\Debug.win32\CCAnimation.obj
C:\Users\gr\Documents\personal\sw\games\Observer\cocos2d\cocos\2d\Debug.win32\CCAnimationCache.obj
C:\Users\gr\Documents\personal\sw\games\Observer\cocos2d\cocos\2d\Debug.win32\CCApplication.obj
C:\Users\gr\Documents\personal\sw\games\Observer\cocos2d\cocos\2d\Debug.win32\CCArray.obj
C:\Users\gr\Documents\personal\sw\games\Observer\cocos2d\cocos\2d\Debug.win32\CCAtlasNode.obj
C:\Users\gr\Documents\personal\sw\games\Observer\cocos2d\cocos\2d\Debug.win32\CCAutoreleasePool.obj
C:\Users\gr\Documents\personal\sw\games\Observer\cocos2d\cocos\2d\Debug.win32\CCBatchCommand.obj
C:\Users\gr\Documents\personal\sw\games\Observer\cocos2d\cocos\2d\Debug.win32\ccCArray.obj
C:\Users\gr\Documents\personal\sw\games\Observer\cocos2d\cocos\2d\Debug.win32\CCClippingNode.obj
C:\Users\gr\Documents\personal\sw\games\Observer\cocos2d\cocos\2d\Debug.win32\CCCommon.obj
C:\Users\gr\Documents\personal\sw\games\Observer\cocos2d\cocos\2d\Debug.win32\CCComponent.obj
C:\Users\gr\Documents\personal\sw\games\Observer\cocos2d\cocos\2d\Debug.win32\CCComponentContainer.obj
C:\Users\gr\Documents\personal\sw\games\Observer\cocos2d\cocos\2d\Debug.win32\CCConfiguration.obj
C:\Users\gr\Documents\personal\sw\games\Observer\cocos2d\cocos\2d\Debug.win32\CCConsole.obj
C:\Users\gr\Documents\personal\sw\games\Observer\cocos2d\cocos\2d\Debug.win32\CCCustomCommand.obj
C:\Users\gr\Documents\personal\sw\games\Observer\cocos2d\cocos\2d\Debug.win32\CCData.obj
C:\Users\gr\Documents\personal\sw\games\Observer\cocos2d\cocos\2d\Debug.win32\CCDataVisitor.obj
C:\Users\gr\Documents\personal\sw\games\Observer\cocos2d\cocos\2d\Debug.win32\CCDeprecated.obj
C:\Users\gr\Documents\personal\sw\games\Observer\cocos2d\cocos\2d\Debug.win32\CCDevice.obj
C:\Users\gr\Documents\personal\sw\games\Observer\cocos2d\cocos\2d\Debug.win32\CCDictionary.obj
C:\Users\gr\Documents\personal\sw\games\Observer\cocos2d\cocos\2d\Debug.win32\CCDirector.obj
C:\Users\gr\Documents\personal\sw\games\Observer\cocos2d\cocos\2d\Debug.win32\CCDrawingPrimitives.obj
C:\Users\gr\Documents\personal\sw\games\Observer\cocos2d\cocos\2d\Debug.win32\CCDrawNode.obj
C:\Users\gr\Documents\personal\sw\games\Observer\cocos2d\cocos\2d\Debug.win32\CCEvent.obj
C:\Users\gr\Documents\personal\sw\games\Observer\cocos2d\cocos\2d\Debug.win32\CCEventAcceleration.obj
C:\Users\gr\Documents\personal\sw\games\Observer\cocos2d\cocos\2d\Debug.win32\CCEventCustom.obj
C:\Users\gr\Documents\personal\sw\games\Observer\cocos2d\cocos\2d\Debug.win32\CCEventDispatcher.obj
C:\Users\gr\Documents\personal\sw\games\Observer\cocos2d\cocos\2d\Debug.win32\CCEventKeyboard.obj
C:\Users\gr\Documents\personal\sw\games\Observer\cocos2d\cocos\2d\Debug.win32\CCEventListener.obj
C:\Users\gr\Documents\personal\sw\games\Observer\cocos2d\cocos\2d\Debug.win32\CCEventListenerAcceleration.obj
C:\Users\gr\Documents\personal\sw\games\Observer\cocos2d\cocos\2d\Debug.win32\CCEventListenerCustom.obj
C:\Users\gr\Documents\personal\sw\games\Observer\cocos2d\cocos\2d\Debug.win32\CCEventListenerKeyboard.obj
C:\Users\gr\Documents\personal\sw\games\Observer\cocos2d\cocos\2d\Debug.win32\CCEventListenerMouse.obj
C:\Users\gr\Documents\personal\sw\games\Observer\cocos2d\cocos\2d\Debug.win32\CCEventListenerTouch.obj
C:\Users\gr\Documents\personal\sw\games\Observer\cocos2d\cocos\2d\Debug.win32\CCEventMouse.obj
C:\Users\gr\Documents\personal\sw\games\Observer\cocos2d\cocos\2d\Debug.win32\CCEventTouch.obj
C:\Users\gr\Documents\personal\sw\games\Observer\cocos2d\cocos\2d\Debug.win32\CCFileUtils.obj
C:\Users\gr\Documents\personal\sw\games\Observer\cocos2d\cocos\2d\Debug.win32\CCFileUtilsWin32.obj
C:\Users\gr\Documents\personal\sw\games\Observer\cocos2d\cocos\2d\Debug.win32\CCFont.obj
C:\Users\gr\Documents\personal\sw\games\Observer\cocos2d\cocos\2d\Debug.win32\CCFontAtlas.obj
C:\Users\gr\Documents\personal\sw\games\Observer\cocos2d\cocos\2d\Debug.win32\CCFontAtlasCache.obj
C:\Users\gr\Documents\personal\sw\games\Observer\cocos2d\cocos\2d\Debug.win32\CCFontCharMap.obj
C:\Users\gr\Documents\personal\sw\games\Observer\cocos2d\cocos\2d\Debug.win32\CCFontFNT.obj
C:\Users\gr\Documents\personal\sw\games\Observer\cocos2d\cocos\2d\Debug.win32\CCFontFreeType.obj
C:\Users\gr\Documents\personal\sw\games\Observer\cocos2d\cocos\2d\Debug.win32\ccFPSImages.obj
C:\Users\gr\Documents\personal\sw\games\Observer\cocos2d\cocos\2d\Debug.win32\CCFrustum.obj
C:\Users\gr\Documents\personal\sw\games\Observer\cocos2d\cocos\2d\Debug.win32\CCGeometry.obj
C:\Users\gr\Documents\personal\sw\games\Observer\cocos2d\cocos\2d\Debug.win32\CCGLProgram.obj
C:\Users\gr\Documents\personal\sw\games\Observer\cocos2d\cocos\2d\Debug.win32\ccGLStateCache.obj
C:\Users\gr\Documents\personal\sw\games\Observer\cocos2d\cocos\2d\Debug.win32\CCGLView.obj
C:\Users\gr\Documents\personal\sw\games\Observer\cocos2d\cocos\2d\Debug.win32\CCGLViewProtocol.obj
C:\Users\gr\Documents\personal\sw\games\Observer\cocos2d\cocos\2d\Debug.win32\CCGrabber.obj
C:\Users\gr\Documents\personal\sw\games\Observer\cocos2d\cocos\2d\Debug.win32\CCGrid.obj
C:\Users\gr\Documents\personal\sw\games\Observer\cocos2d\cocos\2d\Debug.win32\CCGroupCommand.obj
C:\Users\gr\Documents\personal\sw\games\Observer\cocos2d\cocos\2d\Debug.win32\CCImage.obj
C:\Users\gr\Documents\personal\sw\games\Observer\cocos2d\cocos\2d\Debug.win32\CCIMEDispatcher.obj
C:\Users\gr\Documents\personal\sw\games\Observer\cocos2d\cocos\2d\Debug.win32\CCLabel.obj
C:\Users\gr\Documents\personal\sw\games\Observer\cocos2d\cocos\2d\Debug.win32\CCLabelAtlas.obj
C:\Users\gr\Documents\personal\sw\games\Observer\cocos2d\cocos\2d\Debug.win32\CCLabelBMFont.obj
C:\Users\gr\Documents\personal\sw\games\Observer\cocos2d\cocos\2d\Debug.win32\CCLabelTextFormatter.obj
C:\Users\gr\Documents\personal\sw\games\Observer\cocos2d\cocos\2d\Debug.win32\CCLabelTTF.obj
C:\Users\gr\Documents\personal\sw\games\Observer\cocos2d\cocos\2d\Debug.win32\CCLayer.obj
C:\Users\gr\Documents\personal\sw\games\Observer\cocos2d\cocos\2d\Debug.win32\CCMaterialManager.obj
C:\Users\gr\Documents\personal\sw\games\Observer\cocos2d\cocos\2d\Debug.win32\CCMenu.obj
C:\Users\gr\Documents\personal\sw\games\Observer\cocos2d\cocos\2d\Debug.win32\CCMenuItem.obj
C:\Users\gr\Documents\personal\sw\games\Observer\cocos2d\cocos\2d\Debug.win32\CCMotionStreak.obj
C:\Users\gr\Documents\personal\sw\games\Observer\cocos2d\cocos\2d\Debug.win32\CCNode.obj
C:\Users\gr\Documents\personal\sw\games\Observer\cocos2d\cocos\2d\Debug.win32\CCNodeGrid.obj
C:\Users\gr\Documents\personal\sw\games\Observer\cocos2d\cocos\2d\Debug.win32\CCNotificationCenter.obj
C:\Users\gr\Documents\personal\sw\games\Observer\cocos2d\cocos\2d\Debug.win32\CCNS.obj
C:\Users\gr\Documents\personal\sw\games\Observer\cocos2d\cocos\2d\Debug.win32\CCParallaxNode.obj
C:\Users\gr\Documents\personal\sw\games\Observer\cocos2d\cocos\2d\Debug.win32\CCParticleBatchNode.obj
C:\Users\gr\Documents\personal\sw\games\Observer\cocos2d\cocos\2d\Debug.win32\CCParticleExamples.obj
C:\Users\gr\Documents\personal\sw\games\Observer\cocos2d\cocos\2d\Debug.win32\CCParticleSystem.obj
C:\Users\gr\Documents\personal\sw\games\Observer\cocos2d\cocos\2d\Debug.win32\CCParticleSystemQuad.obj
C:\Users\gr\Documents\personal\sw\games\Observer\cocos2d\cocos\2d\Debug.win32\CCPhysicsBody.obj
C:\Users\gr\Documents\personal\sw\games\Observer\cocos2d\cocos\2d\Debug.win32\CCPhysicsBodyInfo_chipmunk.obj
C:\Users\gr\Documents\personal\sw\games\Observer\cocos2d\cocos\2d\Debug.win32\CCPhysicsContact.obj
C:\Users\gr\Documents\personal\sw\games\Observer\cocos2d\cocos\2d\Debug.win32\CCPhysicsContactInfo_chipmunk.obj
C:\Users\gr\Documents\personal\sw\games\Observer\cocos2d\cocos\2d\Debug.win32\CCPhysicsJoint.obj
C:\Users\gr\Documents\personal\sw\games\Observer\cocos2d\cocos\2d\Debug.win32\CCPhysicsJointInfo_chipmunk.obj
C:\Users\gr\Documents\personal\sw\games\Observer\cocos2d\cocos\2d\Debug.win32\CCPhysicsShape.obj
C:\Users\gr\Documents\personal\sw\games\Observer\cocos2d\cocos\2d\Debug.win32\CCPhysicsShapeInfo_chipmunk.obj
C:\Users\gr\Documents\personal\sw\games\Observer\cocos2d\cocos\2d\Debug.win32\CCPhysicsWorld.obj
C:\Users\gr\Documents\personal\sw\games\Observer\cocos2d\cocos\2d\Debug.win32\CCPhysicsWorldInfo_chipmunk.obj
C:\Users\gr\Documents\personal\sw\games\Observer\cocos2d\cocos\2d\Debug.win32\CCProfiling.obj
C:\Users\gr\Documents\personal\sw\games\Observer\cocos2d\cocos\2d\Debug.win32\CCProgressTimer.obj
C:\Users\gr\Documents\personal\sw\games\Observer\cocos2d\cocos\2d\Debug.win32\CCQuadCommand.obj
C:\Users\gr\Documents\personal\sw\games\Observer\cocos2d\cocos\2d\Debug.win32\CCRef.obj
C:\Users\gr\Documents\personal\sw\games\Observer\cocos2d\cocos\2d\Debug.win32\CCRenderCommand.obj
C:\Users\gr\Documents\personal\sw\games\Observer\cocos2d\cocos\2d\Debug.win32\CCRenderer.obj
C:\Users\gr\Documents\personal\sw\games\Observer\cocos2d\cocos\2d\Debug.win32\CCRenderMaterial.obj
C:\Users\gr\Documents\personal\sw\games\Observer\cocos2d\cocos\2d\Debug.win32\CCRenderTexture.obj
C:\Users\gr\Documents\personal\sw\games\Observer\cocos2d\cocos\2d\Debug.win32\CCSAXParser.obj
C:\Users\gr\Documents\personal\sw\games\Observer\cocos2d\cocos\2d\Debug.win32\CCScene.obj
C:\Users\gr\Documents\personal\sw\games\Observer\cocos2d\cocos\2d\Debug.win32\CCScheduler.obj
C:\Users\gr\Documents\personal\sw\games\Observer\cocos2d\cocos\2d\Debug.win32\CCScriptSupport.obj
C:\Users\gr\Documents\personal\sw\games\Observer\cocos2d\cocos\2d\Debug.win32\CCSet.obj
C:\Users\gr\Documents\personal\sw\games\Observer\cocos2d\cocos\2d\Debug.win32\CCShaderCache.obj
C:\Users\gr\Documents\personal\sw\games\Observer\cocos2d\cocos\2d\Debug.win32\ccShaders.obj
C:\Users\gr\Documents\personal\sw\games\Observer\cocos2d\cocos\2d\Debug.win32\CCSprite.obj
C:\Users\gr\Documents\personal\sw\games\Observer\cocos2d\cocos\2d\Debug.win32\CCSpriteBatchNode.obj
C:\Users\gr\Documents\personal\sw\games\Observer\cocos2d\cocos\2d\Debug.win32\CCSpriteFrame.obj
C:\Users\gr\Documents\personal\sw\games\Observer\cocos2d\cocos\2d\Debug.win32\CCSpriteFrameCache.obj
C:\Users\gr\Documents\personal\sw\games\Observer\cocos2d\cocos\2d\Debug.win32\CCStdC.obj
C:\Users\gr\Documents\personal\sw\games\Observer\cocos2d\cocos\2d\Debug.win32\CCString.obj
C:\Users\gr\Documents\personal\sw\games\Observer\cocos2d\cocos\2d\Debug.win32\CCTextFieldTTF.obj
C:\Users\gr\Documents\personal\sw\games\Observer\cocos2d\cocos\2d\Debug.win32\CCTexture2D.obj
C:\Users\gr\Documents\personal\sw\games\Observer\cocos2d\cocos\2d\Debug.win32\CCTextureAtlas.obj
C:\Users\gr\Documents\personal\sw\games\Observer\cocos2d\cocos\2d\Debug.win32\CCTextureCache.obj
C:\Users\gr\Documents\personal\sw\games\Observer\cocos2d\cocos\2d\Debug.win32\CCThread.obj
C:\Users\gr\Documents\personal\sw\games\Observer\cocos2d\cocos\2d\Debug.win32\CCTileMapAtlas.obj
C:\Users\gr\Documents\personal\sw\games\Observer\cocos2d\cocos\2d\Debug.win32\CCTMXLayer.obj
C:\Users\gr\Documents\personal\sw\games\Observer\cocos2d\cocos\2d\Debug.win32\CCTMXObjectGroup.obj
C:\Users\gr\Documents\personal\sw\games\Observer\cocos2d\cocos\2d\Debug.win32\CCTMXTiledMap.obj
C:\Users\gr\Documents\personal\sw\games\Observer\cocos2d\cocos\2d\Debug.win32\CCTMXXMLParser.obj
C:\Users\gr\Documents\personal\sw\games\Observer\cocos2d\cocos\2d\Debug.win32\CCTouch.obj
C:\Users\gr\Documents\personal\sw\games\Observer\cocos2d\cocos\2d\Debug.win32\CCTransition.obj
C:\Users\gr\Documents\personal\sw\games\Observer\cocos2d\cocos\2d\Debug.win32\CCTransitionPageTurn.obj
C:\Users\gr\Documents\personal\sw\games\Observer\cocos2d\cocos\2d\Debug.win32\CCTransitionProgress.obj
C:\Users\gr\Documents\personal\sw\games\Observer\cocos2d\cocos\2d\Debug.win32\CCTweenFunction.obj
C:\Users\gr\Documents\personal\sw\games\Observer\cocos2d\cocos\2d\Debug.win32\ccTypes.obj
C:\Users\gr\Documents\personal\sw\games\Observer\cocos2d\cocos\2d\Debug.win32\CCUserDefault.obj
C:\Users\gr\Documents\personal\sw\games\Observer\cocos2d\cocos\2d\Debug.win32\ccUTF8.obj
C:\Users\gr\Documents\personal\sw\games\Observer\cocos2d\cocos\2d\Debug.win32\ccUtils.obj
C:\Users\gr\Documents\personal\sw\games\Observer\cocos2d\cocos\2d\Debug.win32\CCValue.obj
C:\Users\gr\Documents\personal\sw\games\Observer\cocos2d\cocos\2d\Debug.win32\CCVertex.obj
C:\Users\gr\Documents\personal\sw\games\Observer\cocos2d\cocos\2d\Debug.win32\cocos2d.obj
C:\Users\gr\Documents\personal\sw\games\Observer\cocos2d\cocos\2d\Debug.win32\edtaa3func.obj
C:\Users\gr\Documents\personal\sw\games\Observer\cocos2d\cocos\2d\Debug.win32\etc1.obj
C:\Users\gr\Documents\personal\sw\games\Observer\cocos2d\cocos\2d\Debug.win32\ioapi.obj
C:\Users\gr\Documents\personal\sw\games\Observer\cocos2d\cocos\2d\Debug.win32\mat3.obj
C:\Users\gr\Documents\personal\sw\games\Observer\cocos2d\cocos\2d\Debug.win32\mat4.obj
C:\Users\gr\Documents\personal\sw\games\Observer\cocos2d\cocos\2d\Debug.win32\mat4stack.obj
C:\Users\gr\Documents\personal\sw\games\Observer\cocos2d\cocos\2d\Debug.win32\matrix.obj
C:\Users\gr\Documents\personal\sw\games\Observer\cocos2d\cocos\2d\Debug.win32\neon_matrix_impl.obj
C:\Users\gr\Documents\personal\sw\games\Observer\cocos2d\cocos\2d\Debug.win32\plane.obj
C:\Users\gr\Documents\personal\sw\games\Observer\cocos2d\cocos\2d\Debug.win32\quaternion.obj
C:\Users\gr\Documents\personal\sw\games\Observer\cocos2d\cocos\2d\Debug.win32\ray2.obj
C:\Users\gr\Documents\personal\sw\games\Observer\cocos2d\cocos\2d\Debug.win32\ray3.obj
C:\Users\gr\Documents\personal\sw\games\Observer\cocos2d\cocos\2d\Debug.win32\s3tc.obj
C:\Users\gr\Documents\personal\sw\games\Observer\cocos2d\cocos\2d\Debug.win32\TGAlib.obj
C:\Users\gr\Documents\personal\sw\games\Observer\cocos2d\cocos\2d\Debug.win32\tinyxml2.obj
C:\Users\gr\Documents\personal\sw\games\Observer\cocos2d\cocos\2d\Debug.win32\TransformUtils.obj
C:\Users\gr\Documents\personal\sw\games\Observer\cocos2d\cocos\2d\Debug.win32\unzip.obj
C:\Users\gr\Documents\personal\sw\games\Observer\cocos2d\cocos\2d\Debug.win32\utility.obj
C:\Users\gr\Documents\personal\sw\games\Observer\cocos2d\cocos\2d\Debug.win32\vec2.obj
C:\Users\gr\Documents\personal\sw\games\Observer\cocos2d\cocos\2d\Debug.win32\vec3.obj
C:\Users\gr\Documents\personal\sw\games\Observer\cocos2d\cocos\2d\Debug.win32\vec4.obj
C:\Users\gr\Documents\personal\sw\games\Observer\cocos2d\cocos\2d\Debug.win32\ZipUtils.obj
C:\Users\gr\Documents\personal\sw\games\Observer\cocos2d\cocos\2d\Debug.win32\CL.5152.read.1.tlog
C:\Users\gr\Documents\personal\sw\games\Observer\cocos2d\cocos\2d\Debug.win32\CL.5152.write.1.tlog
C:\Users\gr\Documents\personal\sw\games\Observer\cocos2d\cocos\2d\Debug.win32\CL.7192.read.1.tlog
C:\Users\gr\Documents\personal\sw\games\Observer\cocos2d\cocos\2d\Debug.win32\CL.7192.write.1.tlog
C:\Users\gr\Documents\personal\sw\games\Observer\cocos2d\cocos\2d\Debug.win32\CL.8080.read.1.tlog
C:\Users\gr\Documents\personal\sw\games\Observer\cocos2d\cocos\2d\Debug.win32\CL.8080.write.1.tlog
C:\Users\gr\Documents\personal\sw\games\Observer\cocos2d\cocos\2d\Debug.win32\CL.8988.read.1.tlog
C:\Users\gr\Documents\personal\sw\games\Observer\cocos2d\cocos\2d\Debug.win32\CL.8988.write.1.tlog
C:\Users\gr\Documents\personal\sw\games\Observer\cocos2d\cocos\2d\Debug.win32\cl.command.1.tlog
C:\Users\gr\Documents\personal\sw\games\Observer\cocos2d\cocos\2d\Debug.win32\CL.read.1.tlog
C:\Users\gr\Documents\personal\sw\games\Observer\cocos2d\cocos\2d\Debug.win32\cl.write.1.tlog
C:\Users\gr\Documents\personal\sw\games\Observer\cocos2d\cocos\2d\Debug.win32\Lib-link.read.1.tlog
C:\Users\gr\Documents\personal\sw\games\Observer\cocos2d\cocos\2d\Debug.win32\Lib-link.write.1.tlog
C:\Users\gr\Documents\personal\sw\games\Observer\cocos2d\cocos\2d\Debug.win32\lib.command.1.tlog
C:\Users\gr\Documents\personal\sw\games\Observer\proj.win32\Debug.win32\libcocos2d.lib
